<?xml version="1.0" encoding="UTF-8"?>
<!-- Generated by org.testng.reporters.JUnitXMLReporter -->
<testsuite hostname="Shilpis-MacBook-Pro.local" ignored="7" name="AutoUnderwriting" tests="0" failures="0" timestamp="08 Sep 2019 15:40:17 GMT" time="0.224" errors="0">
  <testcase name="VerifyVAlidationMessageWhenUserLoginWithInvalidUsernameAndPassword" time="0.0" classname="com.autouw.qa.testcase.Login">
    <ignored/>
  </testcase> <!-- VerifyVAlidationMessageWhenUserLoginWithInvalidUsernameAndPassword -->
  <testcase name="VerifyValidationMessageWhenUserLoginWithValidUsernameAndInvalidPassword" time="0.0" classname="com.autouw.qa.testcase.Login">
    <ignored/>
  </testcase> <!-- VerifyValidationMessageWhenUserLoginWithValidUsernameAndInvalidPassword -->
  <testcase name="VerifyValidationMessageWhenUserLoginWithEmptyUsernameAndValidPassword" time="0.0" classname="com.autouw.qa.testcase.Login">
    <ignored/>
  </testcase> <!-- VerifyValidationMessageWhenUserLoginWithEmptyUsernameAndValidPassword -->
  <testcase name="VerifyValidationMessageWhenUserLoginWithValidUsernameAndEmptyPassword" time="0.0" classname="com.autouw.qa.testcase.Login">
    <ignored/>
  </testcase> <!-- VerifyValidationMessageWhenUserLoginWithValidUsernameAndEmptyPassword -->
  <testcase name="VerifyValidationMessageWhenUserLoginWithInvalidUsernameAndValidPassword" time="0.0" classname="com.autouw.qa.testcase.Login">
    <ignored/>
  </testcase> <!-- VerifyValidationMessageWhenUserLoginWithInvalidUsernameAndValidPassword -->
  <testcase name="VerfiyValidationMessageWhenTermAndServiceCheckBoxIsNotSelected" time="0.0" classname="com.autouw.qa.testcase.Login">
    <ignored/>
  </testcase> <!-- VerfiyValidationMessageWhenTermAndServiceCheckBoxIsNotSelected -->
  <testcase name="VerifyValidationMessageWhenUserLoginWithEmptyUsernameAndPassword" time="0.0" classname="com.autouw.qa.testcase.Login">
    <ignored/>
  </testcase> <!-- VerifyValidationMessageWhenUserLoginWithEmptyUsernameAndPassword -->
</testsuite> <!-- AutoUnderwriting -->
